{"C:\\Users\\adorn\\Documents\\Microverse\\github_projects\\Leaderboard\\src\\modules\\load_scores.js": {"path":"C:\\Users\\adorn\\Documents\\Microverse\\github_projects\\Leaderboard\\src\\modules\\load_scores.js","statementMap":{"0":{"start":{"line":1,"column":19},"end":{"line":10,"column":1}},"1":{"start":{"line":2,"column":2},"end":{"line":8,"column":4}},"2":{"start":{"line":3,"column":4},"end":{"line":7,"column":7}},"3":{"start":{"line":4,"column":23},"end":{"line":4,"column":51}},"4":{"start":{"line":5,"column":6},"end":{"line":5,"column":61}},"5":{"start":{"line":6,"column":6},"end":{"line":6,"column":42}}},"fnMap":{"0":{"name":"(anonymous_0)","decl":{"start":{"line":1,"column":19},"end":{"line":1,"column":20}},"loc":{"start":{"line":1,"column":46},"end":{"line":10,"column":1}},"line":1},"1":{"name":"(anonymous_1)","decl":{"start":{"line":2,"column":16},"end":{"line":2,"column":17}},"loc":{"start":{"line":2,"column":27},"end":{"line":8,"column":3}},"line":2},"2":{"name":"(anonymous_2)","decl":{"start":{"line":3,"column":18},"end":{"line":3,"column":19}},"loc":{"start":{"line":3,"column":29},"end":{"line":7,"column":5}},"line":3}},"branchMap":{},"s":{"0":1,"1":1,"2":1,"3":7,"4":7,"5":7},"f":{"0":1,"1":1,"2":7},"b":{},"_coverageSchema":"1a1c01bbd47fc00a2c39e90264f33305004495a9","hash":"508e7b8f6b9acb3d57229c94905db22c363246ef"}
,"C:\\Users\\adorn\\Documents\\Microverse\\github_projects\\Leaderboard\\src\\tests\\scores_template.js": {"path":"C:\\Users\\adorn\\Documents\\Microverse\\github_projects\\Leaderboard\\src\\tests\\scores_template.js","statementMap":{"0":{"start":{"line":1,"column":23},"end":{"line":4,"column":1}}},"fnMap":{},"branchMap":{},"s":{"0":1},"f":{},"b":{},"_coverageSchema":"1a1c01bbd47fc00a2c39e90264f33305004495a9","hash":"a4f533b5bce829e62a06ea94e9613535b6dcbe81"}
}
