{"C:\\Users\\adorn\\Documents\\Microverse\\github_projects\\Leaderboard\\src\\modules\\load_scores.js": {"path":"C:\\Users\\adorn\\Documents\\Microverse\\github_projects\\Leaderboard\\src\\modules\\load_scores.js","statementMap":{"0":{"start":{"line":3,"column":2},"end":{"line":7,"column":4}},"1":{"start":{"line":4,"column":19},"end":{"line":4,"column":47}},"2":{"start":{"line":5,"column":4},"end":{"line":5,"column":58}},"3":{"start":{"line":6,"column":4},"end":{"line":6,"column":40}}},"fnMap":{"0":{"name":"loadScores","decl":{"start":{"line":2,"column":24},"end":{"line":2,"column":34}},"loc":{"start":{"line":2,"column":65},"end":{"line":8,"column":1}},"line":2},"1":{"name":"(anonymous_1)","decl":{"start":{"line":3,"column":23},"end":{"line":3,"column":24}},"loc":{"start":{"line":3,"column":34},"end":{"line":7,"column":3}},"line":3}},"branchMap":{},"s":{"0":1,"1":7,"2":7,"3":7},"f":{"0":1,"1":7},"b":{},"_coverageSchema":"1a1c01bbd47fc00a2c39e90264f33305004495a9","hash":"e7df241c3473a6f6c4e6e04023d81382fb266a2f"}
,"C:\\Users\\adorn\\Documents\\Microverse\\github_projects\\Leaderboard\\src\\tests\\scores_template.js": {"path":"C:\\Users\\adorn\\Documents\\Microverse\\github_projects\\Leaderboard\\src\\tests\\scores_template.js","statementMap":{"0":{"start":{"line":2,"column":23},"end":{"line":5,"column":1}}},"fnMap":{},"branchMap":{},"s":{"0":1},"f":{},"b":{},"_coverageSchema":"1a1c01bbd47fc00a2c39e90264f33305004495a9","hash":"f6369376a775233cb92ed395b69dd4696fc566d2"}
}
